Compiling the C compiler identification source file "CMakeCCompilerId.c" failed.
Compiler: bcc32 
Build flags: 
Id flags: 

The output was:
The system cannot find the file specified


Compiling the C compiler identification source file "CMakeCCompilerId.c" failed.
Compiler: bcc32 
Build flags: 
Id flags: -c

The output was:
The system cannot find the file specified


Compiling the C compiler identification source file "CMakeCCompilerId.c" failed.
Compiler: bcc32 
Build flags: 
Id flags: -Aa

The output was:
The system cannot find the file specified


Compiling the CXX compiler identification source file "CMakeCXXCompilerId.cpp" failed.
Compiler: bcc32 
Build flags: 
Id flags: 

The output was:
The system cannot find the file specified


Compiling the CXX compiler identification source file "CMakeCXXCompilerId.cpp" failed.
Compiler: bcc32 
Build flags: 
Id flags: -c

The output was:
The system cannot find the file specified


Determining if the C compiler works failed with the following output:


